Removed Pin From Net: NetName=+3V3 Pin=*-1
Removed Pin From Net: NetName=GND Pin=*-2
Removed Pin From Net: NetName=+3V3 Pin=*-8
Removed Pin From Net: NetName=GND Pin=AF1-1
Removed Pin From Net: NetName=GND Pin=AF1-16
Removed Pin From Net: NetName=GND Pin=CarBP-1
Removed Pin From Net: NetName=+3V3 Pin=Cd_tft-1
Removed Pin From Net: NetName=GND Pin=Cd_tft-2
Removed Pin From Net: NetName=GND Pin=Cdt-2
Removed Pin From Net: NetName=GND Pin=CdUand-1
Removed Pin From Net: NetName=GND Pin=CdWS2812-2
Removed Pin From Net: NetName=GND Pin=Cft-2
Removed Pin From Net: NetName=GND Pin=Cin-2
Removed Pin From Net: NetName=GND Pin=Cmot3-1
Removed Pin From Net: NetName=GND Pin=Cout1-2
Removed Pin From Net: NetName=GND Pin=Cout2-1
Removed Pin From Net: NetName=+3V3 Pin=Cout4-1
Removed Pin From Net: NetName=GND Pin=Cout4-2
Removed Pin From Net: NetName=GND Pin=D2-2
Removed Pin From Net: NetName=GND Pin=J_Acc-2
Removed Pin From Net: NetName=GND Pin=J_analogSensor-1
Removed Pin From Net: NetName=GND Pin=J_Capt_US-4
Removed Pin From Net: NetName=GND Pin=J_GND-1
Removed Pin From Net: NetName=GND Pin=Jcharge3-2
Removed Pin From Net: NetName=GND Pin=JUART-3
Removed Pin From Net: NetName=GND Pin=MatLED-1
Removed Pin From Net: NetName=GND Pin=Pot-3
Removed Pin From Net: NetName=GND Pin=QnMOS1-2
Removed Pin From Net: NetName=GND Pin=QnMOS2-3
Removed Pin From Net: NetName=+3V3 Pin=QpMOS-2
Removed Pin From Net: NetName=GND Pin=RpullMos1-1
Removed Pin From Net: NetName=GND Pin=RpullMos2-1
Removed Pin From Net: NetName=+3V3 Pin=RpullMosP-2
Removed Pin From Net: NetName=GND Pin=Servo-1
Removed Pin From Net: NetName=GND Pin=Sw1-1
Removed Pin From Net: NetName=GND Pin=U3V3-2
Removed Pin From Net: NetName=+3V3 Pin=U3V3-3
Removed Pin From Net: NetName=GND Pin=U5V-2
Removed Pin From Net: NetName=GND Pin=Uand-3
Removed Pin From Net: NetName=GND Pin=Uc-19
Removed Pin From Net: NetName=GND Pin=Uc-20
Removed Pin From Net: NetName=GND Pin=Uc-39
Removed Pin From Net: NetName=GND Pin=Umot3-8
Removed Pin From Net: NetName=GND Pin=Utemp-3
Removed Member From Class: ClassName=projet_pcb_F103 Member=*
Removed Member From Class: ClassName=projet_pcb_F103 Member=AF1
Removed Member From Class: ClassName=projet_pcb_F103 Member=CarBP
Removed Member From Class: ClassName=projet_pcb_F103 Member=Cd_tft
Removed Member From Class: ClassName=projet_pcb_F103 Member=Cdt
Removed Member From Class: ClassName=projet_pcb_F103 Member=CdUand
Removed Member From Class: ClassName=projet_pcb_F103 Member=CdWS2812
Removed Member From Class: ClassName=projet_pcb_F103 Member=Cft
Removed Member From Class: ClassName=projet_pcb_F103 Member=Cin
Removed Member From Class: ClassName=projet_pcb_F103 Member=CL1
Removed Member From Class: ClassName=projet_pcb_F103 Member=Cmot3
Removed Member From Class: ClassName=projet_pcb_F103 Member=Cout1
Removed Member From Class: ClassName=projet_pcb_F103 Member=Cout2
Removed Member From Class: ClassName=projet_pcb_F103 Member=Cout4
Removed Member From Class: ClassName=projet_pcb_F103 Member=D2
Removed Member From Class: ClassName=projet_pcb_F103 Member=J_5Vp
Removed Member From Class: ClassName=projet_pcb_F103 Member=J_5Vservos
Removed Member From Class: ClassName=projet_pcb_F103 Member=J_Acc
Removed Member From Class: ClassName=projet_pcb_F103 Member=J_analogSensor
Removed Member From Class: ClassName=projet_pcb_F103 Member=J_Capt_US
Removed Member From Class: ClassName=projet_pcb_F103 Member=J_GND
Removed Member From Class: ClassName=projet_pcb_F103 Member=J_PSCE
Removed Member From Class: ClassName=projet_pcb_F103 Member=J_VCC
Removed Member From Class: ClassName=projet_pcb_F103 Member=Jcharge2
Removed Member From Class: ClassName=projet_pcb_F103 Member=Jcharge3
Removed Member From Class: ClassName=projet_pcb_F103 Member=Jcharge
Removed Member From Class: ClassName=projet_pcb_F103 Member=JUART
Removed Member From Class: ClassName=projet_pcb_F103 Member=MatLED
Removed Member From Class: ClassName=projet_pcb_F103 Member=MOT3
Removed Member From Class: ClassName=projet_pcb_F103 Member=Pot
Removed Member From Class: ClassName=projet_pcb_F103 Member=QnMOS1
Removed Member From Class: ClassName=projet_pcb_F103 Member=QnMOS2
Removed Member From Class: ClassName=projet_pcb_F103 Member=QpMOS
Removed Member From Class: ClassName=projet_pcb_F103 Member=Rctrst
Removed Member From Class: ClassName=projet_pcb_F103 Member=Rft
Removed Member From Class: ClassName=projet_pcb_F103 Member=Rk0
Removed Member From Class: ClassName=projet_pcb_F103 Member=Rk1
Removed Member From Class: ClassName=projet_pcb_F103 Member=Rk2
Removed Member From Class: ClassName=projet_pcb_F103 Member=Rk3
Removed Member From Class: ClassName=projet_pcb_F103 Member=Rled
Removed Member From Class: ClassName=projet_pcb_F103 Member=RpuBP
Removed Member From Class: ClassName=projet_pcb_F103 Member=RpullMos1
Removed Member From Class: ClassName=projet_pcb_F103 Member=RpullMos2
Removed Member From Class: ClassName=projet_pcb_F103 Member=RpullMosP
Removed Member From Class: ClassName=projet_pcb_F103 Member=RpuTrig
Removed Member From Class: ClassName=projet_pcb_F103 Member=Rretro LCD
Removed Member From Class: ClassName=projet_pcb_F103 Member=RsWS2812
Removed Member From Class: ClassName=projet_pcb_F103 Member=Servo
Removed Member From Class: ClassName=projet_pcb_F103 Member=Sw1
Removed Member From Class: ClassName=projet_pcb_F103 Member=U3V3
Removed Member From Class: ClassName=projet_pcb_F103 Member=U5V
Removed Member From Class: ClassName=projet_pcb_F103 Member=Uand
Removed Member From Class: ClassName=projet_pcb_F103 Member=Uc
Removed Member From Class: ClassName=projet_pcb_F103 Member=Umot3
Removed Member From Class: ClassName=projet_pcb_F103 Member=Utemp
Added Component: Designator=UOled?(MODULE_DM-OLED096-636)
Add component. Clean all parameters for all variants
Add component (AddParameter): Name = "Check_prices"; Value = "https://www.snapeda.com/parts/DM-OLED096-636/Display+Module/view-part/?ref=eda"; VariantName = "[No Variations]"
Add component (AddParameter): Name = "MF"; Value = "Display Module"; VariantName = "[No Variations]"
Add component (AddParameter): Name = "MP"; Value = "DM-OLED096-636"; VariantName = "[No Variations]"
Add component (AddParameter): Name = "Package"; Value = "Package"; VariantName = "[No Variations]"
Add component (AddParameter): Name = "SnapEDA_Link"; Value = "https://www.snapeda.com/parts/DM-OLED096-636/Display+Module/view-part/?ref=snap"; VariantName = "[No Variations]"
Add component (AddParameter): Name = "Value"; Value = ""; VariantName = "[No Variations]"
Added Pin To Net: NetName=GND Pin=UOled?-1
Added Pin To Net: NetName=+3V3 Pin=UOled?-2
Added Net: Name=+5USB
Added Net: Name=LED
Added Net: Name=NetD?_1
Added Net: Name=NetD?_2
Added Net: Name=Prog
Added Net: Name=RESET
Added Net: Name=RX
Added Pin To Net: NetName=SCL Pin=UOled?-3
Added Net: Name=SCL
Added Pin To Net: NetName=SDA Pin=UOled?-4
Added Net: Name=SDA
Added Net: Name=stat
Added Net: Name=SWCLK
Added Net: Name=SWDIO
Added Net: Name=Switch1
Added Net: Name=TX
Added Net: Name=Vbat
Added Member To Class: ClassName=projet_pcb_F103 Member=Component UOled? DM-OLED096-636
