Removed Pin From Net: NetName=+3V3 Pin=*-1
Removed Pin From Net: NetName=GND Pin=*-2
Removed Pin From Net: NetName=+3V3 Pin=*-8
Removed Pin From Net: NetName=GND Pin=AF1-1
Removed Pin From Net: NetName=+5V Pin=AF1-2
Removed Pin From Net: NetName=GND Pin=AF1-16
Removed Pin From Net: NetName=GND Pin=CarBP-1
Removed Pin From Net: NetName=+3V3 Pin=Cd_tft-1
Removed Pin From Net: NetName=GND Pin=Cd_tft-2
Removed Pin From Net: NetName=+5V Pin=Cdt-1
Removed Pin From Net: NetName=GND Pin=Cdt-2
Removed Pin From Net: NetName=GND Pin=CdUand-1
Removed Pin From Net: NetName=GND Pin=CdWS2812-2
Removed Pin From Net: NetName=GND Pin=Cft-2
Removed Pin From Net: NetName=VCC Pin=Cin-1
Removed Pin From Net: NetName=GND Pin=Cin-2
Removed Pin From Net: NetName=GND Pin=Cmot3-1
Removed Pin From Net: NetName=VCC Pin=Cmot3-2
Removed Pin From Net: NetName=+5V Pin=Cout1-1
Removed Pin From Net: NetName=GND Pin=Cout1-2
Removed Pin From Net: NetName=GND Pin=Cout2-1
Removed Pin From Net: NetName=+5V Pin=Cout2-2
Removed Pin From Net: NetName=+3V3 Pin=Cout4-1
Removed Pin From Net: NetName=GND Pin=Cout4-2
Removed Pin From Net: NetName=GND Pin=D2-2
Removed Pin From Net: NetName=GND Pin=J_Acc-2
Removed Pin From Net: NetName=GND Pin=J_analogSensor-1
Removed Pin From Net: NetName=+5V Pin=J_Capt_US-1
Removed Pin From Net: NetName=GND Pin=J_Capt_US-4
Removed Pin From Net: NetName=GND Pin=J_GND-1
Removed Pin From Net: NetName=VCC Pin=J_VCC-1
Removed Pin From Net: NetName=GND Pin=Jcharge3-2
Removed Pin From Net: NetName=+5V Pin=Jcharge-1
Removed Pin From Net: NetName=+5V Pin=JUART-2
Removed Pin From Net: NetName=GND Pin=JUART-3
Removed Pin From Net: NetName=GND Pin=MatLED-1
Removed Pin From Net: NetName=GND Pin=Pot-3
Removed Pin From Net: NetName=GND Pin=QnMOS1-2
Removed Pin From Net: NetName=GND Pin=QnMOS2-3
Removed Pin From Net: NetName=+3V3 Pin=QpMOS-2
Removed Pin From Net: NetName=+5V Pin=Rctrst-1
Removed Pin From Net: NetName=GND Pin=RpullMos1-1
Removed Pin From Net: NetName=GND Pin=RpullMos2-1
Removed Pin From Net: NetName=+3V3 Pin=RpullMosP-2
Removed Pin From Net: NetName=+5V Pin=RpuTrig-2
Removed Pin From Net: NetName=+5V Pin=Rretro LCD-1
Removed Pin From Net: NetName=GND Pin=Servo-1
Removed Pin From Net: NetName=GND Pin=Sw1-1
Removed Pin From Net: NetName=+5V Pin=U3V3-1
Removed Pin From Net: NetName=GND Pin=U3V3-2
Removed Pin From Net: NetName=+3V3 Pin=U3V3-3
Removed Pin From Net: NetName=VCC Pin=U5V-1
Removed Pin From Net: NetName=GND Pin=U5V-2
Removed Pin From Net: NetName=+5V Pin=U5V-3
Removed Pin From Net: NetName=GND Pin=Uand-3
Removed Pin From Net: NetName=GND Pin=Uc-19
Removed Pin From Net: NetName=GND Pin=Uc-20
Removed Pin From Net: NetName=+5V Pin=Uc-38
Removed Pin From Net: NetName=GND Pin=Uc-39
Removed Pin From Net: NetName=VCC Pin=Umot3-2
Removed Pin From Net: NetName=VCC Pin=Umot3-3
Removed Pin From Net: NetName=VCC Pin=Umot3-6
Removed Pin From Net: NetName=GND Pin=Umot3-8
Removed Pin From Net: NetName=+5V Pin=Utemp-1
Removed Pin From Net: NetName=GND Pin=Utemp-3
Added Component: Designator=P?(HDR1X6)
Add component. Clean all parameters for all variants
Add component (AddParameter): Name = "LatestRevisionDate"; Value = "17-Jul-2002"; VariantName = "[No Variations]"
Add component (AddParameter): Name = "LatestRevisionNote"; Value = "Re-released for DXP Platform."; VariantName = "[No Variations]"
Add component (AddParameter): Name = "Publisher"; Value = "Altium Limited"; VariantName = "[No Variations]"
Added Component: Designator=P?(HDR1X6)
Add component. Clean all parameters for all variants
Add component (AddParameter): Name = "LatestRevisionDate"; Value = "17-Jul-2002"; VariantName = "[No Variations]"
Add component (AddParameter): Name = "LatestRevisionNote"; Value = "Re-released for DXP Platform."; VariantName = "[No Variations]"
Add component (AddParameter): Name = "Publisher"; Value = "Altium Limited"; VariantName = "[No Variations]"
Added Component: Designator=P?(HDR1X6)
Add component. Clean all parameters for all variants
Add component (AddParameter): Name = "LatestRevisionDate"; Value = "17-Jul-2002"; VariantName = "[No Variations]"
Add component (AddParameter): Name = "LatestRevisionNote"; Value = "Re-released for DXP Platform."; VariantName = "[No Variations]"
Add component (AddParameter): Name = "Publisher"; Value = "Altium Limited"; VariantName = "[No Variations]"
Added Component: Designator=P?(HDR1X6)
Add component. Clean all parameters for all variants
Add component (AddParameter): Name = "LatestRevisionDate"; Value = "17-Jul-2002"; VariantName = "[No Variations]"
Add component (AddParameter): Name = "LatestRevisionNote"; Value = "Re-released for DXP Platform."; VariantName = "[No Variations]"
Add component (AddParameter): Name = "Publisher"; Value = "Altium Limited"; VariantName = "[No Variations]"
Added Component: Designator=P?(HDR1X6)
Add component. Clean all parameters for all variants
Add component (AddParameter): Name = "LatestRevisionDate"; Value = "17-Jul-2002"; VariantName = "[No Variations]"
Add component (AddParameter): Name = "LatestRevisionNote"; Value = "Re-released for DXP Platform."; VariantName = "[No Variations]"
Add component (AddParameter): Name = "Publisher"; Value = "Altium Limited"; VariantName = "[No Variations]"
Added Net: Name=Batterie-
Added Net: Name=NetBatterie?_1
Added Net: Name=Netbms_2
Added Net: Name=NetBOOST_3
Added Net: Name=NetBOOST_5
Added Net: Name=NetC2_1
Added Net: Name=NetD?_1
Added Net: Name=NetMOSFET?_1
Added Net: Name=NetMOSFET?_6
Added Net: Name=NetR1_2
Added Net: Name=OC
Added Net: Name=OD
Added Net: Name=RST
Added Net: Name=SWCLK
Added Net: Name=SWDIO
Added Class: Name=PFE_rec
Change Room Name: Old Name=projet_pcb_F103 New Name=PFE_rec
Change Room Scope: Old Scope=InComponentClass('projet_pcb_F103') New Scope=InComponentClass('PFE_rec')
