Removed Pin From Net: NetName=GND Pin=Cin-2
Removed Pin From Net: NetName=+5V Pin=Cout1-1
Removed Pin From Net: NetName=GND Pin=Cout1-2
Removed Pin From Net: NetName=+5V Pin=Cout2-2
Removed Pin From Net: NetName=GND Pin=J?-1
Removed Pin From Net: NetName=SDA Pin=J STlink-5
Removed Pin From Net: NetName=Buzzer Pin=Rb-1
Removed Pin From Net: NetName=+5V Pin=U3V3-1
Removed Pin From Net: NetName=GND Pin=U5V-2
Removed Pin From Net: NetName=+5V Pin=U5V-3
Removed Member From Class: ClassName=PFE_rec Member=Cin
Removed Member From Class: ClassName=PFE_rec Member=Cout1
Removed Member From Class: ClassName=PFE_rec Member=J?
Removed Member From Class: ClassName=PFE_rec Member=Rb
Removed Member From Class: ClassName=PFE_rec Member=U5V
Added Component: Designator=batterie(HDR1X2)
Add component. Clean all parameters for all variants
Add component (AddParameter): Name = "LatestRevisionDate"; Value = "17-Jul-2002"; VariantName = "[No Variations]"
Add component (AddParameter): Name = "LatestRevisionNote"; Value = "Re-released for DXP Platform."; VariantName = "[No Variations]"
Add component (AddParameter): Name = "Publisher"; Value = "Altium Limited"; VariantName = "[No Variations]"
Added Pin To Net: NetName=GND Pin=batterie-1
Added Pin To Net: NetName=Buzzer Pin=BZ-1
Added Pin To Net: NetName=+3V7 Pin=batterie-2
Added Pin To Net: NetName=+3V7 Pin=Cout2-2
Added Pin To Net: NetName=+3V7 Pin=U3V3-1
Added Net: Name=+3V7
Added Member To Class: ClassName=PFE_rec Member=Component batterie Header 2
Added Room: Name=PFE_rec
