Removed Pin From Net: NetName=VCC Pin=bms-5
Removed Pin From Net: NetName=GND Pin=bms-6
Removed Pin From Net: NetName=+3V3 Pin=BOOST-1
Removed Pin From Net: NetName=GND Pin=BOOST-2
Removed Pin From Net: NetName=GND Pin=C1-2
Removed Pin From Net: NetName=+3V3 Pin=C2-2
Removed Pin From Net: NetName=GND Pin=C3-1
Removed Pin From Net: NetName=VCC Pin=C4-2
Removed Pin From Net: NetName=+3V3 Pin=D?-2
Removed Pin From Net: NetName=GND Pin=R1-1
Removed Pin From Net: NetName=VCC Pin=R2-2
Removed Pin From Net: NetName=GND Pin=R3-2
Removed Pin From Net: NetName=GND Pin=R4-2
Removed Pin From Net: NetName=GND Pin=R5-1
Removed Pin From Net: NetName=GND Pin=U_CHARGE-1
Removed Pin From Net: NetName=GND Pin=U_CHARGE-3
Removed Pin From Net: NetName=+5V Pin=U_CHARGE-4
Removed Pin From Net: NetName=GND Pin=U_CHARGE-8
Removed Pin From Net: NetName=+5V Pin=USB-1
Removed Pin From Net: NetName=GND Pin=USB-4
Removed Member From Class: ClassName=PFE_rec Member=Batterie?
Removed Member From Class: ClassName=PFE_rec Member=bms
Removed Member From Class: ClassName=PFE_rec Member=BOOST
Removed Member From Class: ClassName=PFE_rec Member=C1
Removed Member From Class: ClassName=PFE_rec Member=C2
Removed Member From Class: ClassName=PFE_rec Member=C3
Removed Member From Class: ClassName=PFE_rec Member=C4
Removed Member From Class: ClassName=PFE_rec Member=D?
Removed Member From Class: ClassName=PFE_rec Member=MOSFET?
Removed Member From Class: ClassName=PFE_rec Member=R1
Removed Member From Class: ClassName=PFE_rec Member=R2
Removed Member From Class: ClassName=PFE_rec Member=R3
Removed Member From Class: ClassName=PFE_rec Member=R4
Removed Member From Class: ClassName=PFE_rec Member=R5
Removed Member From Class: ClassName=PFE_rec Member=R6
Removed Member From Class: ClassName=PFE_rec Member=U_CHARGE
Added Component: Designator=Cin?(CONDENSATEUR_POLARISE_ELECTROLYTIQUE_RADIAL_2.0/5.08)
Add component. Clean all parameters for all variants
Add component (AddParameter): Name = "Type"; Value = "POL_RAD_2.0/5.08"; VariantName = "[No Variations]"
Add component (AddParameter): Name = "Value"; Value = "10µF/>25V"; VariantName = "[No Variations]"
Added Component: Designator=Cout1(CONDENSATEUR_POLARISE_ELECTROLYTIQUE_RADIAL_2.0/5.08)
Add component. Clean all parameters for all variants
Add component (AddParameter): Name = "Type"; Value = "POL_RAD_2.0/5.08"; VariantName = "[No Variations]"
Add component (AddParameter): Name = "Value"; Value = "1µF/>10V"; VariantName = "[No Variations]"
Added Component: Designator=Cout2(CONDENSATEUR_CERAMIQUE_RADIAL_5.08)
Add component. Clean all parameters for all variants
Add component (AddParameter): Name = "Type"; Value = "RADIAL_5.08"; VariantName = "[No Variations]"
Add component (AddParameter): Name = "Value"; Value = "100nF"; VariantName = "[No Variations]"
Added Component: Designator=Cout?(CONDENSATEUR_POLARISE_ELECTROLYTIQUE_RADIAL_2.54/5.08)
Add component. Clean all parameters for all variants
Add component (AddParameter): Name = "Type"; Value = "POL_RAD_2.54/5.08"; VariantName = "[No Variations]"
Add component (AddParameter): Name = "Value"; Value = "4.7µF/63V"; VariantName = "[No Variations]"
Added Component: Designator=J?(BORNIER2_M_C)
Add component. Clean all parameters for all variants
Add component (AddParameter): Name = "Type"; Value = "BORNIER2_M_C"; VariantName = "[No Variations]"
Added Component: Designator=U3V3(REGULATEUR_TO220_78XX)
Add component. Clean all parameters for all variants
Add component (AddParameter): Name = "Package"; Value = "(TO220)"; VariantName = "[No Variations]"
Add component (AddParameter): Name = "Type"; Value = "LF33CV"; VariantName = "[No Variations]"
Added Component: Designator=U5V(REGULATEUR_TO220_78XX)
Add component. Clean all parameters for all variants
Add component (AddParameter): Name = "Package"; Value = "(TO220)"; VariantName = "[No Variations]"
Add component (AddParameter): Name = "Type"; Value = "7805"; VariantName = "[No Variations]"
Added Pin To Net: NetName=VCC Pin=Cin?-1
Added Pin To Net: NetName=GND Pin=Cin?-2
Added Pin To Net: NetName=+5V Pin=Cout1-1
Added Pin To Net: NetName=GND Pin=Cout1-2
Added Pin To Net: NetName=GND Pin=Cout2-1
Added Pin To Net: NetName=+5V Pin=Cout2-2
Added Pin To Net: NetName=+3V3 Pin=Cout?-1
Added Pin To Net: NetName=GND Pin=Cout?-2
Added Pin To Net: NetName=GND Pin=J?-1
Added Pin To Net: NetName=VCC Pin=J?-2
Added Pin To Net: NetName=+5V Pin=U3V3-1
Added Pin To Net: NetName=GND Pin=U3V3-2
Added Pin To Net: NetName=+3V3 Pin=U3V3-3
Added Pin To Net: NetName=VCC Pin=U5V-1
Added Pin To Net: NetName=GND Pin=U5V-2
Added Pin To Net: NetName=+5V Pin=U5V-3
Added Member To Class: ClassName=PFE_rec Member=Component Cin? CONDENSATEUR_POL_ELECTROLY_RAD_2.0/5.08
Added Member To Class: ClassName=PFE_rec Member=Component Cout1 CONDENSATEUR_POL_ELECTROLY_RAD_2.0/5.08
Added Member To Class: ClassName=PFE_rec Member=Component Cout2 CONDENSATEUR_CER_RAD_5.08
Added Member To Class: ClassName=PFE_rec Member=Component Cout? CONDENSATEUR_POL_ELECTROLY_RAD_2.54/5.08
Added Member To Class: ClassName=PFE_rec Member=Component J? BORNIER2 MALE COUDE
Added Member To Class: ClassName=PFE_rec Member=Component U3V3 REGULATEUR_TO220_78XX
Added Member To Class: ClassName=PFE_rec Member=Component U5V REGULATEUR_TO220_78XX
